# JRE version: OpenJDK Runtime Environment (8.0_202-b03) (build 1.8.0_202-release-1483-b03)
# Java VM: OpenJDK 64-Bit Server VM (25.202-b03 mixed mode windows-amd64 compressed oops)
Heap:
 PSYoungGen      total 195072K, used 61310K [0x00000000e0000000, 0x00000000ef400000, 0x0000000100000000)
  eden space 176128K, 26% used [0x00000000e0000000,0x00000000e2db83d8,0x00000000eac00000)
  from space 18944K, 76% used [0x00000000eac00000,0x00000000eba27498,0x00000000ebe80000)
  to   space 18432K, 0% used [0x00000000ebe80000,0x00000000ebe80000,0x00000000ed080000)
 ParOldGen       total 82432K, used 28725K [0x00000000a0000000, 0x00000000a5080000, 0x00000000e0000000)
  object space 82432K, 34% used [0x00000000a0000000,0x00000000a1c0d7b0,0x00000000a5080000)
 Metaspace       used 67877K, capacity 71118K, committed 71424K, reserved 1110016K
  class space    used 9512K, capacity 10116K, committed 10240K, reserved 1048576K
GC Heap History (10 events):
Event: 8.038 GC heap before
{Heap before GC invocations=12 (full 2):
 PSYoungGen      total 119296K, used 108544K [0x00000000e0000000, 0x00000000eb000000, 0x0000000100000000)
  eden space 108544K, 100% used [0x00000000e0000000,0x00000000e6a00000,0x00000000e6a00000)
  from space 10752K, 0% used [0x00000000e6a00000,0x00000000e6a00000,0x00000000e7480000)
  to   space 11776K, 0% used [0x00000000ea480000,0x00000000ea480000,0x00000000eb000000)
 ParOldGen       total 82432K, used 17423K [0x00000000a0000000, 0x00000000a5080000, 0x00000000e0000000)
  object space 82432K, 21% used [0x00000000a0000000,0x00000000a1103df0,0x00000000a5080000)
 Metaspace       used 45389K, capacity 46422K, committed 46720K, reserved 1089536K
  class space    used 6116K, capacity 6418K, committed 6528K, reserved 1048576K
Event: 8.050 GC heap after
Heap after GC invocations=12 (full 2):
 PSYoungGen      total 151040K, used 11766K [0x00000000e0000000, 0x00000000eb000000, 0x0000000100000000)
  eden space 139264K, 0% used [0x00000000e0000000,0x00000000e0000000,0x00000000e8800000)
  from space 11776K, 99% used [0x00000000ea480000,0x00000000eaffd938,0x00000000eb000000)
  to   space 13824K, 0% used [0x00000000e9500000,0x00000000e9500000,0x00000000ea280000)
 ParOldGen       total 82432K, used 20435K [0x00000000a0000000, 0x00000000a5080000, 0x00000000e0000000)
  object space 82432K, 24% used [0x00000000a0000000,0x00000000a13f4f10,0x00000000a5080000)
 Metaspace       used 45389K, capacity 46422K, committed 46720K, reserved 1089536K
  class space    used 6116K, capacity 6418K, committed 6528K, reserved 1048576K
}
Event: 9.684 GC heap before
{Heap before GC invocations=13 (full 2):
 PSYoungGen      total 151040K, used 151030K [0x00000000e0000000, 0x00000000eb000000, 0x0000000100000000)
  eden space 139264K, 100% used [0x00000000e0000000,0x00000000e8800000,0x00000000e8800000)
  from space 11776K, 99% used [0x00000000ea480000,0x00000000eaffd938,0x00000000eb000000)
  to   space 13824K, 0% used [0x00000000e9500000,0x00000000e9500000,0x00000000ea280000)
 ParOldGen       total 82432K, used 20435K [0x00000000a0000000, 0x00000000a5080000, 0x00000000e0000000)
  object space 82432K, 24% used [0x00000000a0000000,0x00000000a13f4f10,0x00000000a5080000)
 Metaspace       used 56818K, capacity 58402K, committed 58624K, reserved 1099776K
  class space    used 7724K, capacity 8100K, committed 8192K, reserved 1048576K
Event: 9.701 GC heap after
Heap after GC invocations=13 (full 2):
 PSYoungGen      total 166400K, used 13799K [0x00000000e0000000, 0x00000000ed080000, 0x0000000100000000)
  eden space 152576K, 0% used [0x00000000e0000000,0x00000000e0000000,0x00000000e9500000)
  from space 13824K, 99% used [0x00000000e9500000,0x00000000ea279f98,0x00000000ea280000)
  to   space 18432K, 0% used [0x00000000ebe80000,0x00000000ebe80000,0x00000000ed080000)
 ParOldGen       total 82432K, used 28601K [0x00000000a0000000, 0x00000000a5080000, 0x00000000e0000000)
  object space 82432K, 34% used [0x00000000a0000000,0x00000000a1bee410,0x00000000a5080000)
 Metaspace       used 56818K, capacity 58402K, committed 58624K, reserved 1099776K
  class space    used 7724K, capacity 8100K, committed 8192K, reserved 1048576K
}
Event: 9.780 GC heap before
{Heap before GC invocations=14 (full 2):
 PSYoungGen      total 166400K, used 22537K [0x00000000e0000000, 0x00000000ed080000, 0x0000000100000000)
  eden space 152576K, 5% used [0x00000000e0000000,0x00000000e08885a8,0x00000000e9500000)
  from space 13824K, 99% used [0x00000000e9500000,0x00000000ea279f98,0x00000000ea280000)
  to   space 18432K, 0% used [0x00000000ebe80000,0x00000000ebe80000,0x00000000ed080000)
 ParOldGen       total 82432K, used 28601K [0x00000000a0000000, 0x00000000a5080000, 0x00000000e0000000)
  object space 82432K, 34% used [0x00000000a0000000,0x00000000a1bee410,0x00000000a5080000)
 Metaspace       used 57314K, capacity 58922K, committed 59096K, reserved 1099776K
  class space    used 7789K, capacity 8196K, committed 8320K, reserved 1048576K
Event: 9.787 GC heap after
Heap after GC invocations=14 (full 2):
 PSYoungGen      total 194560K, used 1089K [0x00000000e0000000, 0x00000000ef400000, 0x0000000100000000)
  eden space 176128K, 0% used [0x00000000e0000000,0x00000000e0000000,0x00000000eac00000)
  from space 18432K, 5% used [0x00000000ebe80000,0x00000000ebf905b0,0x00000000ed080000)
  to   space 18944K, 0% used [0x00000000eac00000,0x00000000eac00000,0x00000000ebe80000)
 ParOldGen       total 82432K, used 34620K [0x00000000a0000000, 0x00000000a5080000, 0x00000000e0000000)
  object space 82432K, 41% used [0x00000000a0000000,0x00000000a21cf320,0x00000000a5080000)
 Metaspace       used 57314K, capacity 58922K, committed 59096K, reserved 1099776K
  class space    used 7789K, capacity 8196K, committed 8320K, reserved 1048576K
}
Event: 9.787 GC heap before
{Heap before GC invocations=15 (full 3):
 PSYoungGen      total 194560K, used 1089K [0x00000000e0000000, 0x00000000ef400000, 0x0000000100000000)
  eden space 176128K, 0% used [0x00000000e0000000,0x00000000e0000000,0x00000000eac00000)
  from space 18432K, 5% used [0x00000000ebe80000,0x00000000ebf905b0,0x00000000ed080000)
  to   space 18944K, 0% used [0x00000000eac00000,0x00000000eac00000,0x00000000ebe80000)
 ParOldGen       total 82432K, used 34620K [0x00000000a0000000, 0x00000000a5080000, 0x00000000e0000000)
  object space 82432K, 41% used [0x00000000a0000000,0x00000000a21cf320,0x00000000a5080000)
 Metaspace       used 57314K, capacity 58922K, committed 59096K, reserved 1099776K
  class space    used 7789K, capacity 8196K, committed 8320K, reserved 1048576K
Event: 10.039 GC heap after
Heap after GC invocations=15 (full 3):
 PSYoungGen      total 194560K, used 0K [0x00000000e0000000, 0x00000000ef400000, 0x0000000100000000)
  eden space 176128K, 0% used [0x00000000e0000000,0x00000000e0000000,0x00000000eac00000)
  from space 18432K, 0% used [0x00000000ebe80000,0x00000000ebe80000,0x00000000ed080000)
  to   space 18944K, 0% used [0x00000000eac00000,0x00000000eac00000,0x00000000ebe80000)
 ParOldGen       total 82432K, used 28717K [0x00000000a0000000, 0x00000000a5080000, 0x00000000e0000000)
  object space 82432K, 34% used [0x00000000a0000000,0x00000000a1c0b7b0,0x00000000a5080000)
 Metaspace       used 57314K, capacity 58922K, committed 59096K, reserved 1099776K
  class space    used 7789K, capacity 8196K, committed 8320K, reserved 1048576K
}
Event: 13.430 GC heap before
{Heap before GC invocations=16 (full 3):
 PSYoungGen      total 194560K, used 176128K [0x00000000e0000000, 0x00000000ef400000, 0x0000000100000000)
  eden space 176128K, 100% used [0x00000000e0000000,0x00000000eac00000,0x00000000eac00000)
  from space 18432K, 0% used [0x00000000ebe80000,0x00000000ebe80000,0x00000000ed080000)
  to   space 18944K, 0% used [0x00000000eac00000,0x00000000eac00000,0x00000000ebe80000)
 ParOldGen       total 82432K, used 28717K [0x00000000a0000000, 0x00000000a5080000, 0x00000000e0000000)
  object space 82432K, 34% used [0x00000000a0000000,0x00000000a1c0b7b0,0x00000000a5080000)
 Metaspace       used 65398K, capacity 68362K, committed 68608K, reserved 1107968K
  class space    used 9101K, capacity 9678K, committed 9728K, reserved 1048576K
Event: 13.446 GC heap after
Heap after GC invocations=16 (full 3):
 PSYoungGen      total 195072K, used 14493K [0x00000000e0000000, 0x00000000ef400000, 0x0000000100000000)
  eden space 176128K, 0% used [0x00000000e0000000,0x00000000e0000000,0x00000000eac00000)
  from space 18944K, 76% used [0x00000000eac00000,0x00000000eba27498,0x00000000ebe80000)
  to   space 18432K, 0% used [0x00000000ebe80000,0x00000000ebe80000,0x00000000ed080000)
 ParOldGen       total 82432K, used 28725K [0x00000000a0000000, 0x00000000a5080000, 0x00000000e0000000)
  object space 82432K, 34% used [0x00000000a0000000,0x00000000a1c0d7b0,0x00000000a5080000)
 Metaspace       used 65398K, capacity 68362K, committed 68608K, reserved 1107968K
  class space    used 9101K, capacity 9678K, committed 9728K, reserved 1048576K
}

