# JRE version: OpenJDK Runtime Environment (8.0_202-b03) (build 1.8.0_202-release-1483-b03)
# Java VM: OpenJDK 64-Bit Server VM (25.202-b03 mixed mode windows-amd64 compressed oops)
Heap:
 PSYoungGen      total 174592K, used 155412K [0x00000000e0000000, 0x00000000ed900000, 0x0000000100000000)
  eden space 146432K, 97% used [0x00000000e0000000,0x00000000e8b0b8d8,0x00000000e8f00000)
  from space 28160K, 46% used [0x00000000e8f00000,0x00000000e9bb99c0,0x00000000eaa80000)
  to   space 27136K, 0% used [0x00000000ebe80000,0x00000000ebe80000,0x00000000ed900000)
 ParOldGen       total 101888K, used 49815K [0x00000000a0000000, 0x00000000a6380000, 0x00000000e0000000)
  object space 101888K, 48% used [0x00000000a0000000,0x00000000a30a5e68,0x00000000a6380000)
 Metaspace       used 85938K, capacity 89932K, committed 89984K, reserved 1126400K
  class space    used 11406K, capacity 12158K, committed 12160K, reserved 1048576K
GC Heap History (10 events):
Event: 31.092 GC heap before
{Heap before GC invocations=20 (full 3):
 PSYoungGen      total 131072K, used 118784K [0x00000000e0000000, 0x00000000e9100000, 0x0000000100000000)
  eden space 118784K, 100% used [0x00000000e0000000,0x00000000e7400000,0x00000000e7400000)
  from space 12288K, 0% used [0x00000000e8500000,0x00000000e8500000,0x00000000e9100000)
  to   space 14848K, 0% used [0x00000000e7400000,0x00000000e7400000,0x00000000e8280000)
 ParOldGen       total 101888K, used 31956K [0x00000000a0000000, 0x00000000a6380000, 0x00000000e0000000)
  object space 101888K, 31% used [0x00000000a0000000,0x00000000a1f35380,0x00000000a6380000)
 Metaspace       used 65469K, capacity 67892K, committed 68096K, reserved 1107968K
  class space    used 8926K, capacity 9433K, committed 9472K, reserved 1048576K
Event: 31.108 GC heap after
Heap after GC invocations=20 (full 3):
 PSYoungGen      total 133632K, used 11515K [0x00000000e0000000, 0x00000000ea480000, 0x0000000100000000)
  eden space 118784K, 0% used [0x00000000e0000000,0x00000000e0000000,0x00000000e7400000)
  from space 14848K, 77% used [0x00000000e7400000,0x00000000e7f3ef58,0x00000000e8280000)
  to   space 15872K, 0% used [0x00000000e9500000,0x00000000e9500000,0x00000000ea480000)
 ParOldGen       total 101888K, used 31964K [0x00000000a0000000, 0x00000000a6380000, 0x00000000e0000000)
  object space 101888K, 31% used [0x00000000a0000000,0x00000000a1f37380,0x00000000a6380000)
 Metaspace       used 65469K, capacity 67892K, committed 68096K, reserved 1107968K
  class space    used 8926K, capacity 9433K, committed 9472K, reserved 1048576K
}
Event: 50.280 GC heap before
{Heap before GC invocations=21 (full 3):
 PSYoungGen      total 133632K, used 130299K [0x00000000e0000000, 0x00000000ea480000, 0x0000000100000000)
  eden space 118784K, 100% used [0x00000000e0000000,0x00000000e7400000,0x00000000e7400000)
  from space 14848K, 77% used [0x00000000e7400000,0x00000000e7f3ef58,0x00000000e8280000)
  to   space 15872K, 0% used [0x00000000e9500000,0x00000000e9500000,0x00000000ea480000)
 ParOldGen       total 101888K, used 31964K [0x00000000a0000000, 0x00000000a6380000, 0x00000000e0000000)
  object space 101888K, 31% used [0x00000000a0000000,0x00000000a1f37380,0x00000000a6380000)
 Metaspace       used 67212K, capacity 69854K, committed 70144K, reserved 1110016K
  class space    used 9060K, capacity 9604K, committed 9728K, reserved 1048576K
Event: 50.293 GC heap after
Heap after GC invocations=21 (full 3):
 PSYoungGen      total 149504K, used 13270K [0x00000000e0000000, 0x00000000ea400000, 0x0000000100000000)
  eden space 134144K, 0% used [0x00000000e0000000,0x00000000e0000000,0x00000000e8300000)
  from space 15360K, 86% used [0x00000000e9500000,0x00000000ea1f5a10,0x00000000ea400000)
  to   space 16896K, 0% used [0x00000000e8300000,0x00000000e8300000,0x00000000e9380000)
 ParOldGen       total 101888K, used 31972K [0x00000000a0000000, 0x00000000a6380000, 0x00000000e0000000)
  object space 101888K, 31% used [0x00000000a0000000,0x00000000a1f39380,0x00000000a6380000)
 Metaspace       used 67212K, capacity 69854K, committed 70144K, reserved 1110016K
  class space    used 9060K, capacity 9604K, committed 9728K, reserved 1048576K
}
Event: 51.257 GC heap before
{Heap before GC invocations=22 (full 3):
 PSYoungGen      total 149504K, used 147414K [0x00000000e0000000, 0x00000000ea400000, 0x0000000100000000)
  eden space 134144K, 100% used [0x00000000e0000000,0x00000000e8300000,0x00000000e8300000)
  from space 15360K, 86% used [0x00000000e9500000,0x00000000ea1f5a10,0x00000000ea400000)
  to   space 16896K, 0% used [0x00000000e8300000,0x00000000e8300000,0x00000000e9380000)
 ParOldGen       total 101888K, used 31972K [0x00000000a0000000, 0x00000000a6380000, 0x00000000e0000000)
  object space 101888K, 31% used [0x00000000a0000000,0x00000000a1f39380,0x00000000a6380000)
 Metaspace       used 67719K, capacity 70334K, committed 70656K, reserved 1110016K
  class space    used 9086K, capacity 9636K, committed 9728K, reserved 1048576K
Event: 51.283 GC heap after
Heap after GC invocations=22 (full 3):
 PSYoungGen      total 151040K, used 16864K [0x00000000e0000000, 0x00000000ebe00000, 0x0000000100000000)
  eden space 134144K, 0% used [0x00000000e0000000,0x00000000e0000000,0x00000000e8300000)
  from space 16896K, 99% used [0x00000000e8300000,0x00000000e9378390,0x00000000e9380000)
  to   space 19968K, 0% used [0x00000000eaa80000,0x00000000eaa80000,0x00000000ebe00000)
 ParOldGen       total 101888K, used 33788K [0x00000000a0000000, 0x00000000a6380000, 0x00000000e0000000)
  object space 101888K, 33% used [0x00000000a0000000,0x00000000a20ff2a0,0x00000000a6380000)
 Metaspace       used 67719K, capacity 70334K, committed 70656K, reserved 1110016K
  class space    used 9086K, capacity 9636K, committed 9728K, reserved 1048576K
}
Event: 52.930 GC heap before
{Heap before GC invocations=23 (full 3):
 PSYoungGen      total 151040K, used 151008K [0x00000000e0000000, 0x00000000ebe00000, 0x0000000100000000)
  eden space 134144K, 100% used [0x00000000e0000000,0x00000000e8300000,0x00000000e8300000)
  from space 16896K, 99% used [0x00000000e8300000,0x00000000e9378390,0x00000000e9380000)
  to   space 19968K, 0% used [0x00000000eaa80000,0x00000000eaa80000,0x00000000ebe00000)
 ParOldGen       total 101888K, used 33788K [0x00000000a0000000, 0x00000000a6380000, 0x00000000e0000000)
  object space 101888K, 33% used [0x00000000a0000000,0x00000000a20ff2a0,0x00000000a6380000)
 Metaspace       used 69398K, capacity 72298K, committed 72448K, reserved 1112064K
  class space    used 9326K, capacity 9898K, committed 9984K, reserved 1048576K
Event: 52.982 GC heap after
Heap after GC invocations=23 (full 3):
 PSYoungGen      total 166400K, used 19958K [0x00000000e0000000, 0x00000000ed080000, 0x0000000100000000)
  eden space 146432K, 0% used [0x00000000e0000000,0x00000000e0000000,0x00000000e8f00000)
  from space 19968K, 99% used [0x00000000eaa80000,0x00000000ebdfdbf8,0x00000000ebe00000)
  to   space 28160K, 0% used [0x00000000e8f00000,0x00000000e8f00000,0x00000000eaa80000)
 ParOldGen       total 101888K, used 47522K [0x00000000a0000000, 0x00000000a6380000, 0x00000000e0000000)
  object space 101888K, 46% used [0x00000000a0000000,0x00000000a2e68ac8,0x00000000a6380000)
 Metaspace       used 69398K, capacity 72298K, committed 72448K, reserved 1112064K
  class space    used 9326K, capacity 9898K, committed 9984K, reserved 1048576K
}
Event: 509.545 GC heap before
{Heap before GC invocations=24 (full 3):
 PSYoungGen      total 166400K, used 166390K [0x00000000e0000000, 0x00000000ed080000, 0x0000000100000000)
  eden space 146432K, 100% used [0x00000000e0000000,0x00000000e8f00000,0x00000000e8f00000)
  from space 19968K, 99% used [0x00000000eaa80000,0x00000000ebdfdbf8,0x00000000ebe00000)
  to   space 28160K, 0% used [0x00000000e8f00000,0x00000000e8f00000,0x00000000eaa80000)
 ParOldGen       total 101888K, used 47522K [0x00000000a0000000, 0x00000000a6380000, 0x00000000e0000000)
  object space 101888K, 46% used [0x00000000a0000000,0x00000000a2e68ac8,0x00000000a6380000)
 Metaspace       used 74988K, capacity 78392K, committed 78720K, reserved 1118208K
  class space    used 9830K, capacity 10506K, committed 10624K, reserved 1048576K
Event: 509.557 GC heap after
Heap after GC invocations=24 (full 3):
 PSYoungGen      total 174592K, used 13030K [0x00000000e0000000, 0x00000000ed900000, 0x0000000100000000)
  eden space 146432K, 0% used [0x00000000e0000000,0x00000000e0000000,0x00000000e8f00000)
  from space 28160K, 46% used [0x00000000e8f00000,0x00000000e9bb99c0,0x00000000eaa80000)
  to   space 27136K, 0% used [0x00000000ebe80000,0x00000000ebe80000,0x00000000ed900000)
 ParOldGen       total 101888K, used 49815K [0x00000000a0000000, 0x00000000a6380000, 0x00000000e0000000)
  object space 101888K, 48% used [0x00000000a0000000,0x00000000a30a5e68,0x00000000a6380000)
 Metaspace       used 74988K, capacity 78392K, committed 78720K, reserved 1118208K
  class space    used 9830K, capacity 10506K, committed 10624K, reserved 1048576K
}

